Arguments: 
  /home/mtake/graalvm-ce-java11-20.3.0/languages/js/bin/node /home/mtake/graalvm-ce-java11-20.3.0/languages/js/bin/yarn add eslint, eslint-config-prettier, eslint-plugin-prettierprettier --dev

PATH: 
  /home/mtake/bin:/usr/local/bin:/home/mtake/graalvm-ce-java11-20.3.0/bin:/home/mtake/graalvm-ce-java11-20.3.0/languages/js/bin:/opt/apache-maven-3.6.3/bin:/home/mtake/bin:/usr/local/bin:/home/mtake/graalvm-ce-java11-20.3.0/bin:/home/mtake/graalvm-ce-java11-20.3.0/languages/js/bin:/opt/apache-maven-3.6.3/bin:/usr/local/sbin:/usr/local/bin:/usr/sbin:/usr/bin:/sbin:/bin:/usr/games:/usr/local/games:/snap/bin

Yarn version: 
  1.22.10

Node version: 
  12.18.4

Platform: 
  linux x64

Trace: 
  Error: https://registry.yarnpkg.com/eslint,: Not found
      at Request.callback (/home/mtake/graalvm-ce-java11-20.3.0/languages/js/lib/node_modules/yarn/lib/cli.js:66988:18)
      at Request.callback (/home/mtake/graalvm-ce-java11-20.3.0/languages/js/lib/node_modules/yarn/lib/cli.js:140662:7)
      at Request.emit (events.js:315:20)
      at Request.<anonymous> (/home/mtake/graalvm-ce-java11-20.3.0/languages/js/lib/node_modules/yarn/lib/cli.js:141634:10)
      at Request.emit (events.js:315:20)
      at IncomingMessage.<anonymous> (/home/mtake/graalvm-ce-java11-20.3.0/languages/js/lib/node_modules/yarn/lib/cli.js:141556:12)
      at Object.onceWrapper (events.js:421:28)
      at IncomingMessage.emit (events.js:327:22)
      at endReadableNT (_stream_readable.js:1220:12)
      at process.processTicksAndRejections (internal/process/task_queues.js:84:21)

npm manifest: 
  {
    "name": "javacript-boilerplate",
    "version": "1.0.0",
    "description": "A boilerplate of Vanilla-JavaScript,html5, css",
    "main": "index.js",
    "scripts": {
      "eslint": "eslint --fix 'src/**/*.js'",
      "stylelint": "stylelint --fix 'src/**/*.scss'",
      "format": "npm run eslint && npm run stylelint"
    },
    "repository": {
      "type": "git",
      "url": "git+https://github.com/takemousta/devpro1"
    },
    "author": "Takemoto Mustapha",
    "license": "ISC",
    "devDependencies": {
      "prettier": "^2.2.0"
    }
  }

yarn manifest: 
  No manifest

Lockfile: 
  # THIS IS AN AUTOGENERATED FILE. DO NOT EDIT THIS FILE DIRECTLY.
  # yarn lockfile v1
  
  
  prettier@^2.2.0:
    version "2.2.0"
    resolved "https://registry.yarnpkg.com/prettier/-/prettier-2.2.0.tgz#8a03c7777883b29b37fb2c4348c66a78e980418b"
    integrity sha512-yYerpkvseM4iKD/BXLYUkQV5aKt4tQPqaGW6EsZjzyu0r7sVZZNPJW4Y8MyKmicp6t42XUPcBVA+H6sB3gqndw==
